<?xml version="1.0" encoding="UTF-8"?>
<!-- Generated by org.testng.reporters.JUnitReportReporter -->
<testsuite hostname="Prajakta" failures="0" tests="1" name="qa.Test.AllSettingTest" time="4.661" errors="0" timestamp="2023-06-09T11:09:33 IST" skipped="0">
  <testcase classname="qa.Test.AllSettingTest" name="samplesettingmethod" time="4.661"/>
  <system-out/>
</testsuite> <!-- qa.Test.AllSettingTest -->
