<?xml version="1.0" encoding="UTF-8"?>
<!-- Generated by org.testng.reporters.JUnitReportReporter -->
<testsuite hostname="Prajakta" failures="0" tests="1" name="qa.Test.Testcase1" time="69.587" errors="0" timestamp="2023-06-02T10:21:20 IST" skipped="0">
  <testcase classname="qa.Test.Testcase1" name="sampleMethodForEnteringCredentials" time="69.587"/>
  <system-out/>
</testsuite> <!-- qa.Test.Testcase1 -->
