<?xml version="1.0" encoding="UTF-8"?>
<!-- Generated by org.testng.reporters.JUnitReportReporter -->
<testsuite hostname="Prajakta" failures="0" tests="2" name="qa.Test.AdminProfileTest" time="21.781" errors="0" timestamp="2023-06-09T11:09:33 IST" skipped="1">
  <testcase classname="qa.Test.AdminProfileTest" name="sapleadminmethod" time="10.439">
    <skipped/>
  </testcase> <!-- sapleadminmethod -->
  <system-out/>
  <testcase classname="qa.Test.AdminProfileTest" name="sapleadminmethod" time="11.342"/>
  <system-out/>
</testsuite> <!-- qa.Test.AdminProfileTest -->
