<?xml version="1.0" encoding="UTF-8"?>
<!-- Generated by org.testng.reporters.JUnitReportReporter -->
<testsuite hostname="Prajakta" failures="0" tests="1" name="qa.Test.LoginTestCase" time="64.454" errors="0" timestamp="2023-06-09T11:09:34 IST" skipped="0">
  <testcase classname="qa.Test.LoginTestCase" name="sampleMethodForEnteringCredentials" time="64.454"/>
  <system-out/>
</testsuite> <!-- qa.Test.LoginTestCase -->
